     1                                 %line 1+1 ast07.asm
     2                                 
     3                                 
     4                                 
     5                                 
     6                                 
     7                                 
     8                                 
     9                                 
    10                                 
    11                                 
    12                                 
    13                                 
    14                                 
    15                                 
    16                                 
    17                                 
    18                                 
    19                                 
    20                                 
    21                                 
    22                                 
    23                                 
    24                                 
    25                                 
    26                                 
    27                                 
    28                                 %line 109+1 ast07.asm
    29                                 
    30                                 
    31                                 
    32                                 
    33                                 
    34                                 
    35                                 
    36                                 
    37                                 
    38                                 
    39                                 
    40                                 
    41                                 
    42                                 %line 150+1 ast07.asm
    43                                 
    44                                 
    45                                 
    46                                 [section .data]
    47                                 
    48                                 
    49                                 
    50                                 
    51                                 TRUE equ 1
    52                                 FALSE equ 0
    53                                 
    54                                 SUCCESS equ 0
    55                                 NOSUCCESS equ 1
    56                                 
    57                                 STDIN equ 0
    58                                 STDOUT equ 1
    59                                 STDERR equ 2
    60                                 
    61                                 SYS_read equ 0
    62                                 SYS_write equ 1
    63                                 SYS_open equ 2
    64                                 SYS_close equ 3
    65                                 SYS_fork equ 57
    66                                 SYS_exit equ 60
    67                                 SYS_creat equ 85
    68                                 SYS_time equ 201
    69                                 
    70                                 LF equ 10
    71                                 SPACE equ " "
    72                                 NULL equ 0
    73                                 ESC equ 27
    74                                 
    75                                 LIMIT equ 10000
    76                                 MAX_STR_LENGTH equ 20
    77                                 
    78                                 
    79                                 
    80                                 
    81 00000000 5904000030FBFFFF62-    array dd 1113, -1232, 2146, 1376, 5120, 2356, 3164, 4565, -3155, 3157
    82 00000000 080000600500000014-
    83 00000000 0000340900005C0C00-
    84 00000000 00D5110000ADF3FFFF-
    85 00000000 550C0000           
    86 00000028 39F5FFFFB6180000AB-     dd -2759, 6326, 171, -547, -5628, -7527, 7569, 1177, 6785, -3514
    87 00000028 000000DDFDFFFF04EA-
    88 00000028 FFFF99E2FFFF911D00-
    89 00000028 0099040000811A0000-
    90 00000028 46F2FFFF           
    91 00000050 E90300008000000093-     dd 1001, 128, -1133, 9105, 3327, 101, -2115, -1108, 1, 2115
    92 00000050 FBFFFF91230000FF0C-
    93 00000050 000065000000BDF7FF-
    94 00000050 FFACFBFFFF01000000-
    95 00000050 43080000           
    96 00000078 CB04000036FBFFFF09-     dd 1227, -1226, 5129, -117, -107, 105, 3109, 9999, 1150, 3414
    97 00000078 1400008BFFFFFF95FF-
    98 00000078 FFFF69000000250C00-
    99 00000078 000F2700007E040000-
   100 00000078 560D0000           
   101 000000A0 ADFBFFFFD7170000DD-     dd -1107, 6103, 1245, 5440, 1465, 2311, 254, 4528, -1913, 6722
   102 000000A0 04000040150000B905-
   103 000000A0 000007090000FE0000-
   104 000000A0 00B011000087F8FFFF-
   105 000000A0 421A0000           
   106 000000C8 351000004E080000D9-     dd 4149, 2126, -5671, 7647, -4628, 327, 2390, 1177, 8275, -5614
   107 000000C8 E9FFFFDF1D0000ECED-
   108 000000C8 FFFF47010000560900-
   109 000000C8 009904000053200000-
   110 000000C8 12EAFFFF           
   111 000000F0 310C000061FEFFFF67-     dd 3121, -415, 615, 122, 7217, 421, 410, 1129, 812, 2134
   112 000000F0 0200007A000000311C-
   113 000000F0 0000A50100009A0100-
   114 000000F0 00690400002C030000-
   115 000000F0 56080000           
   116 00000118 3BFBFFFFBA08000011-     dd -1221, 2234, -7151, -432, 114, 1629, 2114, -522, 2413, 131
   117 00000118 E4FFFF50FEFFFF7200-
   118 00000118 00005D060000420800-
   119 00000118 00F6FDFFFF6D090000-
   120 00000118 83000000           
   121 00000140 071600007E0000008A-     dd 5639, 126, 1162, 441, 127, 877, 199, 5679, -1101, 3414
   122 00000140 040000B90100007F00-
   123 00000140 00006D030000C70000-
   124 00000140 002F160000B3FBFFFF-
   125 00000140 560D0000           
   126 00000168 350800007BFFFFFF0D-     dd 2101, -133, 5133, 6450, -4532, -8619, 115, 1618, 9999, -115
   127 00000168 140000321900004CEE-
   128 00000168 FFFF55DEFFFF730000-
   129 00000168 00520600000F270000-
   130 00000168 8DFFFFFF           
   131 00000190 3DFBFFFF2C0C00009C-     dd -1219, 3116, -612, -217, 127, -6787, -4569, -679, 5675, 4314
   132 00000190 FDFFFF27FFFFFF7F00-
   133 00000190 00007DE5FFFF27EEFF-
   134 00000190 FF59FDFFFF2B160000-
   135 00000190 DA100000           
   136 000001B8 200C0000A91A0000A0-     dd 3104, 6825, 1184, 2143, 1176, 134, 5626, 100, 4566, 2346
   137 000001B8 0400005F0800009804-
   138 000001B8 000086000000FA1500-
   139 000001B8 0064000000D6110000-
   140 000001B8 2A090000           
   141 000001E0 BE0400007EE5FFFF51-     dd 1214, -6786, 1617, 183, -3512, 7881, 8320, 3467, -3559, -190
   142 000001E0 060000B700000048F2-
   143 000001E0 FFFFC91E0000802000-
   144 000001E0 008B0D000019F2FFFF-
   145 000001E0 42FFFFFF           
   146 00000208 6700000090FFFFFFFF-     dd 103, -112, -1, 9186, -191, -186, 134, 1125, 5675, 3476
   147 00000208 FFFFFFE223000041FF-
   148 00000208 FFFF46FFFFFF860000-
   149 00000208 00650400002B160000-
   150 00000208 940D0000           
   151 00000230 B4FBFFFF010000007A-     dd -1100, 1, 1146, -100, 101, 51, 5616, -5662, 6328, 2342
   152 00000230 0400009CFFFFFF6500-
   153 00000230 000033000000F01500-
   154 00000230 00E2E9FFFFB8180000-
   155 00000230 26090000           
   156 00000258 77FFFFFFBFF7FFFF3F-     dd -137, -2113, 3647, 114, -115, 6571, 7624, 128, -113, 3112
   157 00000258 0E0000720000008DFF-
   158 00000258 FFFFAB190000C81D00-
   159 00000258 00800000008FFFFFFF-
   160 00000258 280C0000           
   161 00000280 BC060000AC18000079-     dd 1724, 6316, 4217, -2183, 4352, 121, 320, 4540, 5679, 1190
   162 00000280 10000079F7FFFF0011-
   163 00000280 000079000000400100-
   164 00000280 00BC1100002F160000-
   165 00000280 A6040000           
   166 000002A8 56DCFFFF7400000002-     dd -9130, 116, 5122, 117, 127, 5677, 101, 3727, 0, 3184
   167 000002A8 140000750000007F00-
   168 000002A8 00002D160000650000-
   169 000002A8 008F0E000000000000-
   170 000002A8 700C0000           
   171 000002D0 690700001AE7FFFFA6-     dd 1897, -6374, 1190, -1, 1224, 0, 116, 8126, 6784, 2329
   172 000002D0 040000FFFFFFFFC804-
   173 000002D0 000000000000740000-
   174 000002D0 00BE1F0000801A0000-
   175 000002D0 19090000           
   176 000002F8 C8F7FFFF7C000000D8-     dd -2104, 124, -3112, 143, 176, -7534, -2126, 6112, 156, 1103
   177 000002F8 F3FFFF8F000000B000-
   178 000002F8 000092E2FFFFB2F7FF-
   179 000002F8 FFE01700009C000000-
   180 000002F8 4F040000           
   181 00000320 81040000AC0000007A-     dd 1153, 172, 1146, -2176, -170, 156, 164, -165, 155, 5156
   182 00000320 04000080F7FFFF56FF-
   183 00000320 FFFF9C000000A40000-
   184 00000320 005BFFFFFF9B000000-
   185 00000320 24140000           
   186 00000348 82FCFFFF1BEFFFFF84-     dd -894, -4325, 900, 143, 276, 5634, 7526, 3413, 7686, 7563
   187 00000348 0300008F0000001401-
   188 00000348 000002160000661D00-
   189 00000348 00550D0000061E0000-
   190 00000348 8B1D0000           
   191 00000370 FF010000670500007D-     dd 511, 1383, 11133, 4150, 825, 5721, 5615, -4568, -6813, -1231
   192 00000370 2B0000361000003903-
   193 00000370 000059160000EF1500-
   194 00000370 0028EEFFFF63E5FFFF-
   195 00000370 31FBFFFF           
   196 00000398 0F27000092000000E2-     dd 9999, 146, 8162, -147, -157, -167, 169, 177, 175, 2144
   197 00000398 1F00006DFFFFFF63FF-
   198 00000398 FFFF59FFFFFFA90000-
   199 00000398 00B1000000AF000000-
   200 00000398 60080000           
   201 000003C0 09FAFFFFC0FAFFFF6A-     dd -1527, -1344, 1130, 2172, 7224, 7525, 100, 1, 2100, 1134
   202 000003C0 0400007C080000381C-
   203 000003C0 0000651D0000640000-
   204 000003C0 000100000034080000-
   205 000003C0 6E040000           
   206 000003E8 B50000009B00000061-     dd 181, 155, 2145, 132, 167, -185, 2150, 3149, -182, 1434
   207 000003E8 08000084000000A700-
   208 000003E8 000047FFFFFF660800-
   209 000003E8 004D0C00004AFFFFFF-
   210 000003E8 9A050000           
   211 00000410 B10000004000000098-     dd 177, 64, 11160, 4172, 3184, 175, 166, 6762, 158, -4572
   212 00000410 2B00004C100000700C-
   213 00000410 0000AF000000A60000-
   214 00000410 006A1A00009E000000-
   215 00000410 24EEFFFF           
   216 00000438 77E2FFFFFDFAFFFF0D-     dd -7561, -1283, 5133, -150, -135, 5631, 8185, 178, 1197, 1185
   217 00000438 1400006AFFFFFF79FF-
   218 00000438 FFFFFF150000F91F00-
   219 00000438 00B2000000AD040000-
   220 00000438 A1040000           
   221 00000460 11160000DE1800005A-     dd 5649, 6366, 3162, 5167, 167, -1177, -169, -1177, -175, 1169
   222 00000460 0C00002F140000A700-
   223 00000460 000067FBFFFF57FFFF-
   224 00000460 FF67FBFFFF51FFFFFF-
   225 00000460 91040000           
   226 00000488 640E00000F270000D1-     dd 3684, 9999, 11217, 3183, -2190, 1100, 4611, -1123, 3122, -131
   227 00000488 2B00006F0C000072F7-
   228 00000488 FFFF4C040000031200-
   229 00000488 009DFBFFFF320C0000-
   230 00000488 7DFFFFFF           
   231                                 
   232 000004B0 2C010000               length dd 300
   233                                 
   234 000004B4 00000000               minimum dd 0
   235 000004B8 00000000               median dd 0
   236 000004BC 00000000               maximum dd 0
   237 000004C0 00000000               sum dd 0
   238 000004C4 00000000               average dd 0
   239                                 
   240 000004C8 01                     swapped db TRUE
   241 000004C9 00                     OtrLpCon db FALSE
   242 000004CA 00                     DoNeg db FALSE
   243 000004CB 0A000000               mul10 dd 10
   244 000004CF 0C000000               div12 dd 12
   245 000004D3 02000000               div2 dd 2
   246                                 
   247                                 
   248                                 
   249                                 
   250                                 
   251                                 
   252                                 
   253                                 
   254                                 
   255 000004D7 0A00                   newLine db LF, NULL
   256                                 
   257 000004D9 0A435320323138202D-    hdr db LF, "CS 218 - Assignment #7"
   258 000004D9 2041737369676E6D65-
   259 000004D9 6E74202337         
   260 000004F0 0A0A00                  db LF, LF, NULL
   261                                 
   262 000004F3 4D696E696D756D3A20-    hdrMin db "Minimum: ", NULL
   263 000004F3 00                 
   264 000004FD 4D6178696D756D3A20-    hdrMax db "Maximum: ", NULL
   265 000004FD 00                 
   266 00000507 4D656469616E3A2020-    hdrMed db "Median:  ", NULL
   267 00000507 00                 
   268 00000511 53756D3A2020202020-    hdrSum db "Sum:     ", NULL
   269 00000511 00                 
   270 0000051B 417665726167653A20-    hdrAve db "Average: ", NULL
   271 0000051B 00                 
   272                                 
   273                                 
   274                                 
   275                                 
   276                                 [section .bss]
   277                                 
   278 00000000 <gap>                  tempString resb MAX_STR_LENGTH+1
   279                                 
   280                                 
   281                                 
   282                                 
   283                                 [section .text]
   284                                 [global _start]
   285                                 _start:
   286                                 
   287                                 
   288                                 
   289                                 
   290                                 
   291                                 
   292                                 
   293                                 
   294                                 
   295                                 
   296 00000000 48C7C700000000          mov rdi, 0
   297 00000007 8B3C25[00000000]        mov edi, dword [length]
   298                                 
   299                                 
   300                                 
   301                                 OuterLoop:
   302                                 
   303                                 
   304 0000000E 83FF01                  cmp edi, 1
   305 00000011 7606                    jbe Condition1False
   306 00000013 C60425[00000000]01      mov byte [OtrLpCon], TRUE
   307                                  Condition1False:
   308 0000001B 803C25[00000000]01      cmp byte [swapped], TRUE
   309 00000023 7606                    jbe Condition2False
   310 00000025 C60425[00000000]01      mov byte [OtrLpCon], TRUE
   311                                  Condition2False:
   312 0000002D 803C25[00000000]01      cmp byte [OtrLpCon], TRUE
   313 00000035 7575                    jne OuterLoopDone
   314                                 
   315                                 
   316                                 
   317 00000037 89F8                    mov eax, edi
   318 00000039 F72425[00000000]        mul dword [mul10]
   319 00000040 F73425[00000000]        div dword [div12]
   320 00000047 89C7                    mov edi, eax
   321                                 
   322                                 
   323 00000049 83FF01                  cmp edi, 1
   324 0000004C 7F03                    jg GapSet
   325                                 
   326 0000004E BF01000000              mov edi, 1
   327                                 
   328                                  GapSet:
   329                                 
   330                                 
   331                                 
   332 00000053 48C7C600000000          mov rsi, 0
   333                                 
   334 0000005A C60425[00000000]00      mov byte [swapped], FALSE
   335                                 
   336                                 
   337                                  InnerLoop:
   338                                 
   339 00000062 4989F0                  mov r8, rsi
   340 00000065 4901F8                  add r8, rdi
   341                                 
   342                                 
   343 00000068 443B0425[00000000]      cmp r8d, dword [length]
   344 00000070 732D                    jae InnerLoopDone
   345                                 
   346 00000072 8B0CB5[00000000]        mov ecx, dword [array + rsi * 4]
   347 00000079 428B1C85[00000000]      mov ebx, dword [array + r8 * 4]
   348                                 
   349 00000081 39D9                    cmp ecx, ebx
   350 00000083 7E15                    jle SwapDone
   351                                 
   352                                 
   353 00000085 891CB5[00000000]        mov dword [array + rsi * 4], ebx
   354 0000008C 42890C85[00000000]      mov dword [array + r8 * 4], ecx
   355                                 
   356 00000094 C60425[00000000]01      mov byte [swapped], TRUE
   357                                 
   358                                  SwapDone:
   359                                 
   360 0000009C 48FFC6                  inc rsi
   361 0000009F EBBF                    jmp InnerLoop
   362                                 
   363                                  InnerLoopDone:
   364 000000A1 C60425[00000000]00      mov byte [OtrLpCon], FALSE
   365 000000A9 E95BFFFFFF              jmp OuterLoop
   366                                 
   367                                  OuterLoopDone:
   368                                 
   369                                 
   370                                 
   371                                 
   372                                 
   373                                 
   374 000000AE 48C7C3[00000000]        mov rbx, array
   375                                 
   376                                 
   377                                 
   378                                 
   379 000000B5 48C7C100000000          mov rcx, 0
   380 000000BC 8B0C25[00000000]        mov ecx, dword [length]
   381                                 
   382                                 
   383                                 
   384                                 
   385                                 CalcLoop:
   386                                 
   387                                 
   388                                 
   389                                 
   390 000000C3 8B03                    mov eax, dword [rbx]
   391                                 
   392                                 
   393                                 
   394                                 
   395 000000C5 010425[00000000]        add dword [sum], eax
   396                                 
   397                                 
   398                                 
   399                                 
   400 000000CC 4883C304                add rbx, 4
   401                                 
   402 000000D0 E2EF                   loop CalcLoop
   403                                 
   404                                 
   405                                 
   406                                 
   407                                 
   408                                 
   409                                 
   410 000000D2 8B0425[00000000]        mov eax, dword [sum]
   411 000000D9 99                      cdq
   412 000000DA F73C25[00000000]        idiv dword [length]
   413 000000E1 890425[00000000]        mov dword [average], eax
   414                                 
   415                                 
   416                                 
   417                                 
   418 000000E8 448B3425[00000000]      mov r14d, dword [array]
   419 000000F0 8B0425[00000000]        mov eax, dword [length]
   420 000000F7 83E801                  sub eax, 1
   421 000000FA 67448B2C85[00000000]      mov r13d, dword [array + eax * 4]
   422 00000103 44893425[00000000]      mov dword [minimum], r14d
   423 0000010B 44892C25[00000000]      mov dword [maximum], r13d
   424                                 
   425                                 
   426                                 
   427                                 
   428                                 
   429 00000113 448B2C25[54020000]      mov r13d, dword [array + 149 * 4]
   430 0000011B 448B3425[58020000]      mov r14d, dword [array + 150 * 4]
   431                                 
   432 00000123 4501F5                  add r13d, r14d
   433 00000126 4489E8                  mov eax, r13d
   434 00000129 99                      cdq
   435 0000012A F73C25[00000000]        idiv dword [div2]
   436                                 
   437 00000131 890425[00000000]        mov dword [median], eax
   438                                 
   439                                 
   440                                 
   441                                 
   442                                 
   443 00000138 50                      push rax
   444                                 %line 423+0 ast07.asm
   445 00000139 57                      push rdi
   446 0000013A 56                      push rsi
   447 0000013B 52                      push rdx
   448 0000013C 51                      push rcx
   449                                 
   450 0000013D 48C7C200000000          mov rdx, 0
   451 00000144 48C7C7[00000000]        mov rdi, hdr
   452                                 ..@4.countLoop:
   453 0000014B 803F00                  cmp byte [rdi], NULL
   454 0000014E 7406                    je ..@4.countLoopDone
   455 00000150 48FFC7                  inc rdi
   456 00000153 48FFC2                  inc rdx
   457 00000156 EBF1                    jmp ..@4.countLoop
   458                                 ..@4.countLoopDone:
   459                                 
   460 00000158 48C7C001000000          mov rax, SYS_write
   461 0000015F 48C7C701000000          mov rdi, STDOUT
   462 00000166 48C7C6[00000000]        mov rsi, hdr
   463 0000016D 0F05                    syscall
   464                                 
   465 0000016F 59                      pop rcx
   466 00000170 5A                      pop rdx
   467 00000171 5E                      pop rsi
   468 00000172 5F                      pop rdi
   469 00000173 58                      pop rax
   470                                 %line 424+1 ast07.asm
   471                                 
   472 00000174 50                      push rax
   473                                 %line 425+0 ast07.asm
   474 00000175 57                      push rdi
   475 00000176 56                      push rsi
   476 00000177 52                      push rdx
   477 00000178 51                      push rcx
   478                                 
   479 00000179 48C7C200000000          mov rdx, 0
   480 00000180 48C7C7[00000000]        mov rdi, hdrMin
   481                                 ..@5.countLoop:
   482 00000187 803F00                  cmp byte [rdi], NULL
   483 0000018A 7406                    je ..@5.countLoopDone
   484 0000018C 48FFC7                  inc rdi
   485 0000018F 48FFC2                  inc rdx
   486 00000192 EBF1                    jmp ..@5.countLoop
   487                                 ..@5.countLoopDone:
   488                                 
   489 00000194 48C7C001000000          mov rax, SYS_write
   490 0000019B 48C7C701000000          mov rdi, STDOUT
   491 000001A2 48C7C6[00000000]        mov rsi, hdrMin
   492 000001A9 0F05                    syscall
   493                                 
   494 000001AB 59                      pop rcx
   495 000001AC 5A                      pop rdx
   496 000001AD 5E                      pop rsi
   497 000001AE 5F                      pop rdi
   498 000001AF 58                      pop rax
   499                                 %line 426+1 ast07.asm
   500                                 
   501                                 %line 426+0 ast07.asm
   502                                 
   503 000001B0 51                      push rcx
   504 000001B1 52                      push rdx
   505 000001B2 53                      push rbx
   506 000001B3 57                      push rdi
   507 000001B4 50                      push rax
   508                                 
   509                                 
   510                                 
   511 000001B5 C60425[00000000]00      mov byte [DoNeg], FALSE
   512                                 
   513                                 
   514 000001BD 833C25[00000000]00      cmp dword [minimum], 0
   515 000001C5 7D0D                    jge ..@6.DontNeg
   516 000001C7 C60425[00000000]01      mov byte [DoNeg], TRUE
   517 000001CF F71C25[00000000]        neg dword [minimum]
   518                                  ..@6.DontNeg:
   519                                 
   520                                 
   521 000001D6 8B0425[00000000]        mov eax, dword [minimum]
   522                                 
   523                                 
   524 000001DD 48C7C100000000          mov rcx, 0
   525                                 
   526                                 
   527 000001E4 BB09000000              mov ebx, 9
   528                                 
   529                                  ..@6.SuccessiveDivLoop:
   530                                 
   531                                 
   532 000001E9 99                      cdq
   533 000001EA F7FB                    idiv ebx
   534                                 
   535                                 
   536 000001EC 52                      push rdx
   537 000001ED 48FFC1                  inc rcx
   538                                 
   539                                 
   540 000001F0 83F800                  cmp eax, 0
   541 000001F3 75F2                    jne ..@6.SuccessiveDivLoop
   542                                 
   543                                 
   544 000001F5 48C7C3[00000000]        mov rbx, tempString
   545                                 
   546                                 
   547                                 
   548 000001FC 48C7C701000000          mov rdi, 1
   549                                 
   550                                 
   551 00000203 C6032B                  mov byte [rbx], "+"
   552                                 
   553                                 
   554 00000206 803C25[00000000]00      cmp byte [DoNeg], 0
   555 0000020E 7401                    je ..@6.SignPositive
   556 00000210 C6032D                  mov byte [rbx], "-"
   557                                  ..@6.SignPositive:
   558                                 
   559                                  ..@6.popStack:
   560                                 
   561                                 
   562 00000213 58                      pop rax
   563 00000214 0430                    add al, "0"
   564                                 
   565                                 
   566 00000216 88043B                  mov byte [rbx + rdi], al
   567 00000219 48FFC7                  inc rdi
   568                                 
   569 0000021C E2F3                    loop ..@6.popStack
   570                                 
   571                                 
   572 0000021E C6043B00                mov byte [rbx + rdi], NULL
   573                                 
   574                                 
   575 00000222 58                      pop rax
   576 00000223 5F                      pop rdi
   577 00000224 5B                      pop rbx
   578 00000225 5A                      pop rdx
   579 00000226 59                      pop rcx
   580                                 
   581                                 %line 427+1 ast07.asm
   582 00000227 50                      push rax
   583                                 %line 427+0 ast07.asm
   584 00000228 57                      push rdi
   585 00000229 56                      push rsi
   586 0000022A 52                      push rdx
   587 0000022B 51                      push rcx
   588                                 
   589 0000022C 48C7C200000000          mov rdx, 0
   590 00000233 48C7C7[00000000]        mov rdi, tempString
   591                                 ..@7.countLoop:
   592 0000023A 803F00                  cmp byte [rdi], NULL
   593 0000023D 7406                    je ..@7.countLoopDone
   594 0000023F 48FFC7                  inc rdi
   595 00000242 48FFC2                  inc rdx
   596 00000245 EBF1                    jmp ..@7.countLoop
   597                                 ..@7.countLoopDone:
   598                                 
   599 00000247 48C7C001000000          mov rax, SYS_write
   600 0000024E 48C7C701000000          mov rdi, STDOUT
   601 00000255 48C7C6[00000000]        mov rsi, tempString
   602 0000025C 0F05                    syscall
   603                                 
   604 0000025E 59                      pop rcx
   605 0000025F 5A                      pop rdx
   606 00000260 5E                      pop rsi
   607 00000261 5F                      pop rdi
   608 00000262 58                      pop rax
   609                                 %line 428+1 ast07.asm
   610 00000263 50                      push rax
   611                                 %line 428+0 ast07.asm
   612 00000264 57                      push rdi
   613 00000265 56                      push rsi
   614 00000266 52                      push rdx
   615 00000267 51                      push rcx
   616                                 
   617 00000268 48C7C200000000          mov rdx, 0
   618 0000026F 48C7C7[00000000]        mov rdi, newLine
   619                                 ..@8.countLoop:
   620 00000276 803F00                  cmp byte [rdi], NULL
   621 00000279 7406                    je ..@8.countLoopDone
   622 0000027B 48FFC7                  inc rdi
   623 0000027E 48FFC2                  inc rdx
   624 00000281 EBF1                    jmp ..@8.countLoop
   625                                 ..@8.countLoopDone:
   626                                 
   627 00000283 48C7C001000000          mov rax, SYS_write
   628 0000028A 48C7C701000000          mov rdi, STDOUT
   629 00000291 48C7C6[00000000]        mov rsi, newLine
   630 00000298 0F05                    syscall
   631                                 
   632 0000029A 59                      pop rcx
   633 0000029B 5A                      pop rdx
   634 0000029C 5E                      pop rsi
   635 0000029D 5F                      pop rdi
   636 0000029E 58                      pop rax
   637                                 %line 429+1 ast07.asm
   638                                 
   639 0000029F 50                      push rax
   640                                 %line 430+0 ast07.asm
   641 000002A0 57                      push rdi
   642 000002A1 56                      push rsi
   643 000002A2 52                      push rdx
   644 000002A3 51                      push rcx
   645                                 
   646 000002A4 48C7C200000000          mov rdx, 0
   647 000002AB 48C7C7[00000000]        mov rdi, hdrMax
   648                                 ..@9.countLoop:
   649 000002B2 803F00                  cmp byte [rdi], NULL
   650 000002B5 7406                    je ..@9.countLoopDone
   651 000002B7 48FFC7                  inc rdi
   652 000002BA 48FFC2                  inc rdx
   653 000002BD EBF1                    jmp ..@9.countLoop
   654                                 ..@9.countLoopDone:
   655                                 
   656 000002BF 48C7C001000000          mov rax, SYS_write
   657 000002C6 48C7C701000000          mov rdi, STDOUT
   658 000002CD 48C7C6[00000000]        mov rsi, hdrMax
   659 000002D4 0F05                    syscall
   660                                 
   661 000002D6 59                      pop rcx
   662 000002D7 5A                      pop rdx
   663 000002D8 5E                      pop rsi
   664 000002D9 5F                      pop rdi
   665 000002DA 58                      pop rax
   666                                 %line 431+1 ast07.asm
   667                                 
   668                                 %line 431+0 ast07.asm
   669                                 
   670 000002DB 51                      push rcx
   671 000002DC 52                      push rdx
   672 000002DD 53                      push rbx
   673 000002DE 57                      push rdi
   674 000002DF 50                      push rax
   675                                 
   676                                 
   677                                 
   678 000002E0 C60425[00000000]00      mov byte [DoNeg], FALSE
   679                                 
   680                                 
   681 000002E8 833C25[00000000]00      cmp dword [maximum], 0
   682 000002F0 7D0D                    jge ..@10.DontNeg
   683 000002F2 C60425[00000000]01      mov byte [DoNeg], TRUE
   684 000002FA F71C25[00000000]        neg dword [maximum]
   685                                  ..@10.DontNeg:
   686                                 
   687                                 
   688 00000301 8B0425[00000000]        mov eax, dword [maximum]
   689                                 
   690                                 
   691 00000308 48C7C100000000          mov rcx, 0
   692                                 
   693                                 
   694 0000030F BB09000000              mov ebx, 9
   695                                 
   696                                  ..@10.SuccessiveDivLoop:
   697                                 
   698                                 
   699 00000314 99                      cdq
   700 00000315 F7FB                    idiv ebx
   701                                 
   702                                 
   703 00000317 52                      push rdx
   704 00000318 48FFC1                  inc rcx
   705                                 
   706                                 
   707 0000031B 83F800                  cmp eax, 0
   708 0000031E 75F2                    jne ..@10.SuccessiveDivLoop
   709                                 
   710                                 
   711 00000320 48C7C3[00000000]        mov rbx, tempString
   712                                 
   713                                 
   714                                 
   715 00000327 48C7C701000000          mov rdi, 1
   716                                 
   717                                 
   718 0000032E C6032B                  mov byte [rbx], "+"
   719                                 
   720                                 
   721 00000331 803C25[00000000]00      cmp byte [DoNeg], 0
   722 00000339 7401                    je ..@10.SignPositive
   723 0000033B C6032D                  mov byte [rbx], "-"
   724                                  ..@10.SignPositive:
   725                                 
   726                                  ..@10.popStack:
   727                                 
   728                                 
   729 0000033E 58                      pop rax
   730 0000033F 0430                    add al, "0"
   731                                 
   732                                 
   733 00000341 88043B                  mov byte [rbx + rdi], al
   734 00000344 48FFC7                  inc rdi
   735                                 
   736 00000347 E2F3                    loop ..@10.popStack
   737                                 
   738                                 
   739 00000349 C6043B00                mov byte [rbx + rdi], NULL
   740                                 
   741                                 
   742 0000034D 58                      pop rax
   743 0000034E 5F                      pop rdi
   744 0000034F 5B                      pop rbx
   745 00000350 5A                      pop rdx
   746 00000351 59                      pop rcx
   747                                 
   748                                 %line 432+1 ast07.asm
   749 00000352 50                      push rax
   750                                 %line 432+0 ast07.asm
   751 00000353 57                      push rdi
   752 00000354 56                      push rsi
   753 00000355 52                      push rdx
   754 00000356 51                      push rcx
   755                                 
   756 00000357 48C7C200000000          mov rdx, 0
   757 0000035E 48C7C7[00000000]        mov rdi, tempString
   758                                 ..@11.countLoop:
   759 00000365 803F00                  cmp byte [rdi], NULL
   760 00000368 7406                    je ..@11.countLoopDone
   761 0000036A 48FFC7                  inc rdi
   762 0000036D 48FFC2                  inc rdx
   763 00000370 EBF1                    jmp ..@11.countLoop
   764                                 ..@11.countLoopDone:
   765                                 
   766 00000372 48C7C001000000          mov rax, SYS_write
   767 00000379 48C7C701000000          mov rdi, STDOUT
   768 00000380 48C7C6[00000000]        mov rsi, tempString
   769 00000387 0F05                    syscall
   770                                 
   771 00000389 59                      pop rcx
   772 0000038A 5A                      pop rdx
   773 0000038B 5E                      pop rsi
   774 0000038C 5F                      pop rdi
   775 0000038D 58                      pop rax
   776                                 %line 433+1 ast07.asm
   777 0000038E 50                      push rax
   778                                 %line 433+0 ast07.asm
   779 0000038F 57                      push rdi
   780 00000390 56                      push rsi
   781 00000391 52                      push rdx
   782 00000392 51                      push rcx
   783                                 
   784 00000393 48C7C200000000          mov rdx, 0
   785 0000039A 48C7C7[00000000]        mov rdi, newLine
   786                                 ..@12.countLoop:
   787 000003A1 803F00                  cmp byte [rdi], NULL
   788 000003A4 7406                    je ..@12.countLoopDone
   789 000003A6 48FFC7                  inc rdi
   790 000003A9 48FFC2                  inc rdx
   791 000003AC EBF1                    jmp ..@12.countLoop
   792                                 ..@12.countLoopDone:
   793                                 
   794 000003AE 48C7C001000000          mov rax, SYS_write
   795 000003B5 48C7C701000000          mov rdi, STDOUT
   796 000003BC 48C7C6[00000000]        mov rsi, newLine
   797 000003C3 0F05                    syscall
   798                                 
   799 000003C5 59                      pop rcx
   800 000003C6 5A                      pop rdx
   801 000003C7 5E                      pop rsi
   802 000003C8 5F                      pop rdi
   803 000003C9 58                      pop rax
   804                                 %line 434+1 ast07.asm
   805                                 
   806 000003CA 50                      push rax
   807                                 %line 435+0 ast07.asm
   808 000003CB 57                      push rdi
   809 000003CC 56                      push rsi
   810 000003CD 52                      push rdx
   811 000003CE 51                      push rcx
   812                                 
   813 000003CF 48C7C200000000          mov rdx, 0
   814 000003D6 48C7C7[00000000]        mov rdi, hdrMed
   815                                 ..@13.countLoop:
   816 000003DD 803F00                  cmp byte [rdi], NULL
   817 000003E0 7406                    je ..@13.countLoopDone
   818 000003E2 48FFC7                  inc rdi
   819 000003E5 48FFC2                  inc rdx
   820 000003E8 EBF1                    jmp ..@13.countLoop
   821                                 ..@13.countLoopDone:
   822                                 
   823 000003EA 48C7C001000000          mov rax, SYS_write
   824 000003F1 48C7C701000000          mov rdi, STDOUT
   825 000003F8 48C7C6[00000000]        mov rsi, hdrMed
   826 000003FF 0F05                    syscall
   827                                 
   828 00000401 59                      pop rcx
   829 00000402 5A                      pop rdx
   830 00000403 5E                      pop rsi
   831 00000404 5F                      pop rdi
   832 00000405 58                      pop rax
   833                                 %line 436+1 ast07.asm
   834                                 
   835                                 %line 436+0 ast07.asm
   836                                 
   837 00000406 51                      push rcx
   838 00000407 52                      push rdx
   839 00000408 53                      push rbx
   840 00000409 57                      push rdi
   841 0000040A 50                      push rax
   842                                 
   843                                 
   844                                 
   845 0000040B C60425[00000000]00      mov byte [DoNeg], FALSE
   846                                 
   847                                 
   848 00000413 833C25[00000000]00      cmp dword [median], 0
   849 0000041B 7D0D                    jge ..@14.DontNeg
   850 0000041D C60425[00000000]01      mov byte [DoNeg], TRUE
   851 00000425 F71C25[00000000]        neg dword [median]
   852                                  ..@14.DontNeg:
   853                                 
   854                                 
   855 0000042C 8B0425[00000000]        mov eax, dword [median]
   856                                 
   857                                 
   858 00000433 48C7C100000000          mov rcx, 0
   859                                 
   860                                 
   861 0000043A BB09000000              mov ebx, 9
   862                                 
   863                                  ..@14.SuccessiveDivLoop:
   864                                 
   865                                 
   866 0000043F 99                      cdq
   867 00000440 F7FB                    idiv ebx
   868                                 
   869                                 
   870 00000442 52                      push rdx
   871 00000443 48FFC1                  inc rcx
   872                                 
   873                                 
   874 00000446 83F800                  cmp eax, 0
   875 00000449 75F2                    jne ..@14.SuccessiveDivLoop
   876                                 
   877                                 
   878 0000044B 48C7C3[00000000]        mov rbx, tempString
   879                                 
   880                                 
   881                                 
   882 00000452 48C7C701000000          mov rdi, 1
   883                                 
   884                                 
   885 00000459 C6032B                  mov byte [rbx], "+"
   886                                 
   887                                 
   888 0000045C 803C25[00000000]00      cmp byte [DoNeg], 0
   889 00000464 7401                    je ..@14.SignPositive
   890 00000466 C6032D                  mov byte [rbx], "-"
   891                                  ..@14.SignPositive:
   892                                 
   893                                  ..@14.popStack:
   894                                 
   895                                 
   896 00000469 58                      pop rax
   897 0000046A 0430                    add al, "0"
   898                                 
   899                                 
   900 0000046C 88043B                  mov byte [rbx + rdi], al
   901 0000046F 48FFC7                  inc rdi
   902                                 
   903 00000472 E2F3                    loop ..@14.popStack
   904                                 
   905                                 
   906 00000474 C6043B00                mov byte [rbx + rdi], NULL
   907                                 
   908                                 
   909 00000478 58                      pop rax
   910 00000479 5F                      pop rdi
   911 0000047A 5B                      pop rbx
   912 0000047B 5A                      pop rdx
   913 0000047C 59                      pop rcx
   914                                 
   915                                 %line 437+1 ast07.asm
   916 0000047D 50                      push rax
   917                                 %line 437+0 ast07.asm
   918 0000047E 57                      push rdi
   919 0000047F 56                      push rsi
   920 00000480 52                      push rdx
   921 00000481 51                      push rcx
   922                                 
   923 00000482 48C7C200000000          mov rdx, 0
   924 00000489 48C7C7[00000000]        mov rdi, tempString
   925                                 ..@15.countLoop:
   926 00000490 803F00                  cmp byte [rdi], NULL
   927 00000493 7406                    je ..@15.countLoopDone
   928 00000495 48FFC7                  inc rdi
   929 00000498 48FFC2                  inc rdx
   930 0000049B EBF1                    jmp ..@15.countLoop
   931                                 ..@15.countLoopDone:
   932                                 
   933 0000049D 48C7C001000000          mov rax, SYS_write
   934 000004A4 48C7C701000000          mov rdi, STDOUT
   935 000004AB 48C7C6[00000000]        mov rsi, tempString
   936 000004B2 0F05                    syscall
   937                                 
   938 000004B4 59                      pop rcx
   939 000004B5 5A                      pop rdx
   940 000004B6 5E                      pop rsi
   941 000004B7 5F                      pop rdi
   942 000004B8 58                      pop rax
   943                                 %line 438+1 ast07.asm
   944 000004B9 50                      push rax
   945                                 %line 438+0 ast07.asm
   946 000004BA 57                      push rdi
   947 000004BB 56                      push rsi
   948 000004BC 52                      push rdx
   949 000004BD 51                      push rcx
   950                                 
   951 000004BE 48C7C200000000          mov rdx, 0
   952 000004C5 48C7C7[00000000]        mov rdi, newLine
   953                                 ..@16.countLoop:
   954 000004CC 803F00                  cmp byte [rdi], NULL
   955 000004CF 7406                    je ..@16.countLoopDone
   956 000004D1 48FFC7                  inc rdi
   957 000004D4 48FFC2                  inc rdx
   958 000004D7 EBF1                    jmp ..@16.countLoop
   959                                 ..@16.countLoopDone:
   960                                 
   961 000004D9 48C7C001000000          mov rax, SYS_write
   962 000004E0 48C7C701000000          mov rdi, STDOUT
   963 000004E7 48C7C6[00000000]        mov rsi, newLine
   964 000004EE 0F05                    syscall
   965                                 
   966 000004F0 59                      pop rcx
   967 000004F1 5A                      pop rdx
   968 000004F2 5E                      pop rsi
   969 000004F3 5F                      pop rdi
   970 000004F4 58                      pop rax
   971                                 %line 439+1 ast07.asm
   972                                 
   973 000004F5 50                      push rax
   974                                 %line 440+0 ast07.asm
   975 000004F6 57                      push rdi
   976 000004F7 56                      push rsi
   977 000004F8 52                      push rdx
   978 000004F9 51                      push rcx
   979                                 
   980 000004FA 48C7C200000000          mov rdx, 0
   981 00000501 48C7C7[00000000]        mov rdi, hdrSum
   982                                 ..@17.countLoop:
   983 00000508 803F00                  cmp byte [rdi], NULL
   984 0000050B 7406                    je ..@17.countLoopDone
   985 0000050D 48FFC7                  inc rdi
   986 00000510 48FFC2                  inc rdx
   987 00000513 EBF1                    jmp ..@17.countLoop
   988                                 ..@17.countLoopDone:
   989                                 
   990 00000515 48C7C001000000          mov rax, SYS_write
   991 0000051C 48C7C701000000          mov rdi, STDOUT
   992 00000523 48C7C6[00000000]        mov rsi, hdrSum
   993 0000052A 0F05                    syscall
   994                                 
   995 0000052C 59                      pop rcx
   996 0000052D 5A                      pop rdx
   997 0000052E 5E                      pop rsi
   998 0000052F 5F                      pop rdi
   999 00000530 58                      pop rax
  1000                                 %line 441+1 ast07.asm
  1001                                 
  1002                                 %line 441+0 ast07.asm
  1003                                 
  1004 00000531 51                      push rcx
  1005 00000532 52                      push rdx
  1006 00000533 53                      push rbx
  1007 00000534 57                      push rdi
  1008 00000535 50                      push rax
  1009                                 
  1010                                 
  1011                                 
  1012 00000536 C60425[00000000]00      mov byte [DoNeg], FALSE
  1013                                 
  1014                                 
  1015 0000053E 833C25[00000000]00      cmp dword [sum], 0
  1016 00000546 7D0D                    jge ..@18.DontNeg
  1017 00000548 C60425[00000000]01      mov byte [DoNeg], TRUE
  1018 00000550 F71C25[00000000]        neg dword [sum]
  1019                                  ..@18.DontNeg:
  1020                                 
  1021                                 
  1022 00000557 8B0425[00000000]        mov eax, dword [sum]
  1023                                 
  1024                                 
  1025 0000055E 48C7C100000000          mov rcx, 0
  1026                                 
  1027                                 
  1028 00000565 BB09000000              mov ebx, 9
  1029                                 
  1030                                  ..@18.SuccessiveDivLoop:
  1031                                 
  1032                                 
  1033 0000056A 99                      cdq
  1034 0000056B F7FB                    idiv ebx
  1035                                 
  1036                                 
  1037 0000056D 52                      push rdx
  1038 0000056E 48FFC1                  inc rcx
  1039                                 
  1040                                 
  1041 00000571 83F800                  cmp eax, 0
  1042 00000574 75F2                    jne ..@18.SuccessiveDivLoop
  1043                                 
  1044                                 
  1045 00000576 48C7C3[00000000]        mov rbx, tempString
  1046                                 
  1047                                 
  1048                                 
  1049 0000057D 48C7C701000000          mov rdi, 1
  1050                                 
  1051                                 
  1052 00000584 C6032B                  mov byte [rbx], "+"
  1053                                 
  1054                                 
  1055 00000587 803C25[00000000]00      cmp byte [DoNeg], 0
  1056 0000058F 7401                    je ..@18.SignPositive
  1057 00000591 C6032D                  mov byte [rbx], "-"
  1058                                  ..@18.SignPositive:
  1059                                 
  1060                                  ..@18.popStack:
  1061                                 
  1062                                 
  1063 00000594 58                      pop rax
  1064 00000595 0430                    add al, "0"
  1065                                 
  1066                                 
  1067 00000597 88043B                  mov byte [rbx + rdi], al
  1068 0000059A 48FFC7                  inc rdi
  1069                                 
  1070 0000059D E2F3                    loop ..@18.popStack
  1071                                 
  1072                                 
  1073 0000059F C6043B00                mov byte [rbx + rdi], NULL
  1074                                 
  1075                                 
  1076 000005A3 58                      pop rax
  1077 000005A4 5F                      pop rdi
  1078 000005A5 5B                      pop rbx
  1079 000005A6 5A                      pop rdx
  1080 000005A7 59                      pop rcx
  1081                                 
  1082                                 %line 442+1 ast07.asm
  1083 000005A8 50                      push rax
  1084                                 %line 442+0 ast07.asm
  1085 000005A9 57                      push rdi
  1086 000005AA 56                      push rsi
  1087 000005AB 52                      push rdx
  1088 000005AC 51                      push rcx
  1089                                 
  1090 000005AD 48C7C200000000          mov rdx, 0
  1091 000005B4 48C7C7[00000000]        mov rdi, tempString
  1092                                 ..@19.countLoop:
  1093 000005BB 803F00                  cmp byte [rdi], NULL
  1094 000005BE 7406                    je ..@19.countLoopDone
  1095 000005C0 48FFC7                  inc rdi
  1096 000005C3 48FFC2                  inc rdx
  1097 000005C6 EBF1                    jmp ..@19.countLoop
  1098                                 ..@19.countLoopDone:
  1099                                 
  1100 000005C8 48C7C001000000          mov rax, SYS_write
  1101 000005CF 48C7C701000000          mov rdi, STDOUT
  1102 000005D6 48C7C6[00000000]        mov rsi, tempString
  1103 000005DD 0F05                    syscall
  1104                                 
  1105 000005DF 59                      pop rcx
  1106 000005E0 5A                      pop rdx
  1107 000005E1 5E                      pop rsi
  1108 000005E2 5F                      pop rdi
  1109 000005E3 58                      pop rax
  1110                                 %line 443+1 ast07.asm
  1111 000005E4 50                      push rax
  1112                                 %line 443+0 ast07.asm
  1113 000005E5 57                      push rdi
  1114 000005E6 56                      push rsi
  1115 000005E7 52                      push rdx
  1116 000005E8 51                      push rcx
  1117                                 
  1118 000005E9 48C7C200000000          mov rdx, 0
  1119 000005F0 48C7C7[00000000]        mov rdi, newLine
  1120                                 ..@20.countLoop:
  1121 000005F7 803F00                  cmp byte [rdi], NULL
  1122 000005FA 7406                    je ..@20.countLoopDone
  1123 000005FC 48FFC7                  inc rdi
  1124 000005FF 48FFC2                  inc rdx
  1125 00000602 EBF1                    jmp ..@20.countLoop
  1126                                 ..@20.countLoopDone:
  1127                                 
  1128 00000604 48C7C001000000          mov rax, SYS_write
  1129 0000060B 48C7C701000000          mov rdi, STDOUT
  1130 00000612 48C7C6[00000000]        mov rsi, newLine
  1131 00000619 0F05                    syscall
  1132                                 
  1133 0000061B 59                      pop rcx
  1134 0000061C 5A                      pop rdx
  1135 0000061D 5E                      pop rsi
  1136 0000061E 5F                      pop rdi
  1137 0000061F 58                      pop rax
  1138                                 %line 444+1 ast07.asm
  1139                                 
  1140 00000620 50                      push rax
  1141                                 %line 445+0 ast07.asm
  1142 00000621 57                      push rdi
  1143 00000622 56                      push rsi
  1144 00000623 52                      push rdx
  1145 00000624 51                      push rcx
  1146                                 
  1147 00000625 48C7C200000000          mov rdx, 0
  1148 0000062C 48C7C7[00000000]        mov rdi, hdrAve
  1149                                 ..@21.countLoop:
  1150 00000633 803F00                  cmp byte [rdi], NULL
  1151 00000636 7406                    je ..@21.countLoopDone
  1152 00000638 48FFC7                  inc rdi
  1153 0000063B 48FFC2                  inc rdx
  1154 0000063E EBF1                    jmp ..@21.countLoop
  1155                                 ..@21.countLoopDone:
  1156                                 
  1157 00000640 48C7C001000000          mov rax, SYS_write
  1158 00000647 48C7C701000000          mov rdi, STDOUT
  1159 0000064E 48C7C6[00000000]        mov rsi, hdrAve
  1160 00000655 0F05                    syscall
  1161                                 
  1162 00000657 59                      pop rcx
  1163 00000658 5A                      pop rdx
  1164 00000659 5E                      pop rsi
  1165 0000065A 5F                      pop rdi
  1166 0000065B 58                      pop rax
  1167                                 %line 446+1 ast07.asm
  1168                                 
  1169                                 %line 446+0 ast07.asm
  1170                                 
  1171 0000065C 51                      push rcx
  1172 0000065D 52                      push rdx
  1173 0000065E 53                      push rbx
  1174 0000065F 57                      push rdi
  1175 00000660 50                      push rax
  1176                                 
  1177                                 
  1178                                 
  1179 00000661 C60425[00000000]00      mov byte [DoNeg], FALSE
  1180                                 
  1181                                 
  1182 00000669 833C25[00000000]00      cmp dword [average], 0
  1183 00000671 7D0D                    jge ..@22.DontNeg
  1184 00000673 C60425[00000000]01      mov byte [DoNeg], TRUE
  1185 0000067B F71C25[00000000]        neg dword [average]
  1186                                  ..@22.DontNeg:
  1187                                 
  1188                                 
  1189 00000682 8B0425[00000000]        mov eax, dword [average]
  1190                                 
  1191                                 
  1192 00000689 48C7C100000000          mov rcx, 0
  1193                                 
  1194                                 
  1195 00000690 BB09000000              mov ebx, 9
  1196                                 
  1197                                  ..@22.SuccessiveDivLoop:
  1198                                 
  1199                                 
  1200 00000695 99                      cdq
  1201 00000696 F7FB                    idiv ebx
  1202                                 
  1203                                 
  1204 00000698 52                      push rdx
  1205 00000699 48FFC1                  inc rcx
  1206                                 
  1207                                 
  1208 0000069C 83F800                  cmp eax, 0
  1209 0000069F 75F2                    jne ..@22.SuccessiveDivLoop
  1210                                 
  1211                                 
  1212 000006A1 48C7C3[00000000]        mov rbx, tempString
  1213                                 
  1214                                 
  1215                                 
  1216 000006A8 48C7C701000000          mov rdi, 1
  1217                                 
  1218                                 
  1219 000006AF C6032B                  mov byte [rbx], "+"
  1220                                 
  1221                                 
  1222 000006B2 803C25[00000000]00      cmp byte [DoNeg], 0
  1223 000006BA 7401                    je ..@22.SignPositive
  1224 000006BC C6032D                  mov byte [rbx], "-"
  1225                                  ..@22.SignPositive:
  1226                                 
  1227                                  ..@22.popStack:
  1228                                 
  1229                                 
  1230 000006BF 58                      pop rax
  1231 000006C0 0430                    add al, "0"
  1232                                 
  1233                                 
  1234 000006C2 88043B                  mov byte [rbx + rdi], al
  1235 000006C5 48FFC7                  inc rdi
  1236                                 
  1237 000006C8 E2F3                    loop ..@22.popStack
  1238                                 
  1239                                 
  1240 000006CA C6043B00                mov byte [rbx + rdi], NULL
  1241                                 
  1242                                 
  1243 000006CE 58                      pop rax
  1244 000006CF 5F                      pop rdi
  1245 000006D0 5B                      pop rbx
  1246 000006D1 5A                      pop rdx
  1247 000006D2 59                      pop rcx
  1248                                 
  1249                                 %line 447+1 ast07.asm
  1250 000006D3 50                      push rax
  1251                                 %line 447+0 ast07.asm
  1252 000006D4 57                      push rdi
  1253 000006D5 56                      push rsi
  1254 000006D6 52                      push rdx
  1255 000006D7 51                      push rcx
  1256                                 
  1257 000006D8 48C7C200000000          mov rdx, 0
  1258 000006DF 48C7C7[00000000]        mov rdi, tempString
  1259                                 ..@23.countLoop:
  1260 000006E6 803F00                  cmp byte [rdi], NULL
  1261 000006E9 7406                    je ..@23.countLoopDone
  1262 000006EB 48FFC7                  inc rdi
  1263 000006EE 48FFC2                  inc rdx
  1264 000006F1 EBF1                    jmp ..@23.countLoop
  1265                                 ..@23.countLoopDone:
  1266                                 
  1267 000006F3 48C7C001000000          mov rax, SYS_write
  1268 000006FA 48C7C701000000          mov rdi, STDOUT
  1269 00000701 48C7C6[00000000]        mov rsi, tempString
  1270 00000708 0F05                    syscall
  1271                                 
  1272 0000070A 59                      pop rcx
  1273 0000070B 5A                      pop rdx
  1274 0000070C 5E                      pop rsi
  1275 0000070D 5F                      pop rdi
  1276 0000070E 58                      pop rax
  1277                                 %line 448+1 ast07.asm
  1278 0000070F 50                      push rax
  1279                                 %line 448+0 ast07.asm
  1280 00000710 57                      push rdi
  1281 00000711 56                      push rsi
  1282 00000712 52                      push rdx
  1283 00000713 51                      push rcx
  1284                                 
  1285 00000714 48C7C200000000          mov rdx, 0
  1286 0000071B 48C7C7[00000000]        mov rdi, newLine
  1287                                 ..@24.countLoop:
  1288 00000722 803F00                  cmp byte [rdi], NULL
  1289 00000725 7406                    je ..@24.countLoopDone
  1290 00000727 48FFC7                  inc rdi
  1291 0000072A 48FFC2                  inc rdx
  1292 0000072D EBF1                    jmp ..@24.countLoop
  1293                                 ..@24.countLoopDone:
  1294                                 
  1295 0000072F 48C7C001000000          mov rax, SYS_write
  1296 00000736 48C7C701000000          mov rdi, STDOUT
  1297 0000073D 48C7C6[00000000]        mov rsi, newLine
  1298 00000744 0F05                    syscall
  1299                                 
  1300 00000746 59                      pop rcx
  1301 00000747 5A                      pop rdx
  1302 00000748 5E                      pop rsi
  1303 00000749 5F                      pop rdi
  1304 0000074A 58                      pop rax
  1305                                 %line 449+1 ast07.asm
  1306 0000074B 50                      push rax
  1307                                 %line 449+0 ast07.asm
  1308 0000074C 57                      push rdi
  1309 0000074D 56                      push rsi
  1310 0000074E 52                      push rdx
  1311 0000074F 51                      push rcx
  1312                                 
  1313 00000750 48C7C200000000          mov rdx, 0
  1314 00000757 48C7C7[00000000]        mov rdi, newLine
  1315                                 ..@25.countLoop:
  1316 0000075E 803F00                  cmp byte [rdi], NULL
  1317 00000761 7406                    je ..@25.countLoopDone
  1318 00000763 48FFC7                  inc rdi
  1319 00000766 48FFC2                  inc rdx
  1320 00000769 EBF1                    jmp ..@25.countLoop
  1321                                 ..@25.countLoopDone:
  1322                                 
  1323 0000076B 48C7C001000000          mov rax, SYS_write
  1324 00000772 48C7C701000000          mov rdi, STDOUT
  1325 00000779 48C7C6[00000000]        mov rsi, newLine
  1326 00000780 0F05                    syscall
  1327                                 
  1328 00000782 59                      pop rcx
  1329 00000783 5A                      pop rdx
  1330 00000784 5E                      pop rsi
  1331 00000785 5F                      pop rdi
  1332 00000786 58                      pop rax
  1333                                 %line 450+1 ast07.asm
  1334                                 
  1335                                 
  1336                                 
  1337                                 
  1338                                 last:
  1339 00000787 48C7C03C000000          mov rax, SYS_exit
  1340 0000078E 48C7C300000000          mov rbx, SUCCESS
  1341 00000795 0F05                    syscall
  1342                                 
